<?xml version="1.0" encoding="UTF-8"?>
<!-- Generated by org.testng.reporters.JUnitXMLReporter -->
<testsuite ignored="0" hostname="DESKTOP-3FP4D97" failures="0" tests="4" name="Test" time="125.391" errors="0" timestamp="2021-09-26T07:26:52 IST">
  <testcase classname="com.testscenarios.DropDownSample" name="f" time="17.94"/>
  <testcase classname="com.testscenarios.FB_Login" name="fblogin" time="4.572"/>
  <testcase classname="com.testscenarios.ClassTemplate" name="f" time="0.007"/>
  <testcase classname="com.testscenarios.DragAndDrop" name="f" time="47.844"/>
</testsuite> <!-- Test -->
